Input matrix, including right side of the equations:
5.000		4.000		2.000		6.000		0.000		7.000		6.000		6.000		3.000		1.000		0.000		0.000		0.000		0.000		0.000		0.000		0.000		0.000		
0.000		3.000		6.000		1.000		1.000		9.000		3.000		4.000		0.000		0.000		1.000		0.000		0.000		0.000		0.000		0.000		0.000		0.000		
0.000		0.000		8.000		4.000		4.000		7.000		5.000		6.000		4.000		0.000		0.000		1.000		0.000		0.000		0.000		0.000		0.000		0.000		
0.000		0.000		0.000		8.000		0.000		6.000		3.000		8.000		8.000		0.000		0.000		0.000		1.000		0.000		0.000		0.000		0.000		0.000		
0.000		0.000		0.000		0.000		6.000		5.000		2.000		4.000		2.000		0.000		0.000		0.000		0.000		1.000		0.000		0.000		0.000		0.000		
0.000		0.000		0.000		0.000		0.000		9.000		0.000		7.000		0.000		0.000		0.000		0.000		0.000		0.000		1.000		0.000		0.000		0.000		
0.000		0.000		0.000		0.000		0.000		0.000		2.000		7.000		9.000		0.000		0.000		0.000		0.000		0.000		0.000		1.000		0.000		0.000		
0.000		0.000		0.000		0.000		0.000		0.000		0.000		4.000		1.000		0.000		0.000		0.000		0.000		0.000		0.000		0.000		1.000		0.000		
0.000		0.000		0.000		0.000		0.000		0.000		0.000		0.000		2.000		0.000		0.000		0.000		0.000		0.000		0.000		0.000		0.000		1.000		

Inverse matrix computed from input matrix:
0.200		-0.267		0.150		-0.192		-0.056		0.153		-0.232		0.319		1.107		
0.000		0.333		-0.250		0.083		0.111		-0.256		-0.111		0.407		0.352		
0.000		0.000		0.125		-0.062		-0.083		-0.009		-0.135		0.274		0.556		
0.000		0.000		0.000		0.125		0.000		-0.083		-0.188		0.224		0.232		
0.000		0.000		0.000		0.000		0.167		-0.093		-0.167		0.287		0.440		
0.000		0.000		0.000		0.000		0.000		0.111		0.000		-0.194		0.097		
0.000		0.000		0.000		0.000		0.000		0.000		0.500		-0.875		-1.812		
0.000		0.000		0.000		0.000		0.000		0.000		0.000		0.250		-0.125		
0.000		0.000		0.000		0.000		0.000		0.000		0.000		0.000		0.500		

Needed 0 ms to finish.
